<?xml version="1.0" encoding="UTF-8"?>
<!-- Generated by org.testng.reporters.JUnitReportReporter -->
<testsuite name="com.automation.testcases.LoginTestCRM" tests="1" time="31.799" ignored="0" failures="0" timestamp="13 Sep 2020 10:23:45 GMT" skipped="0" hostname="om-PC" errors="0">
  <testcase name="loginApp" time="31.799" classname="com.automation.testcases.LoginTestCRM"/>
</testsuite> <!-- com.automation.testcases.LoginTestCRM -->
